Log file open, 05/28/22 01:33:20
LogPakFile: Display: Found Pak file ../../../UndeadDelivery/Content/Paks/UndeadDelivery-WindowsNoEditor.pak attempting to mount.
LogPakFile: Display: Mounting pak file ../../../UndeadDelivery/Content/Paks/UndeadDelivery-WindowsNoEditor.pak.
LogPlatformFile: Not using cached read wrapper
LogTaskGraph: Started task graph with 5 named threads and 47 total threads with 3 sets of task threads.
LogStats: Stats thread started at 0.051064
LogD3D11RHI: Loaded GFSDK_Aftermath_Lib.x64.dll
LogICUInternationalization: ICU TimeZone Detection - Raw Offset: -8:00, Platform Override: ''
LogPluginManager: Mounting plugin Paper2D
LogPluginManager: Mounting plugin AISupport
LogPluginManager: Mounting plugin LightPropagationVolume
LogPluginManager: Mounting plugin AnimationSharing
LogPluginManager: Mounting plugin SignificanceManager
LogPluginManager: Mounting plugin UObjectPlugin
LogPluginManager: Mounting plugin AssetManagerEditor
LogPluginManager: Mounting plugin FacialAnimation
LogPluginManager: Mounting plugin GeometryMode
LogPluginManager: Mounting plugin DatasmithContent
LogPluginManager: Mounting plugin VariantManagerContent
LogPluginManager: Mounting plugin AlembicImporter
LogPluginManager: Mounting plugin GeometryCache
LogPluginManager: Mounting plugin AutomationUtils
LogPluginManager: Mounting plugin ScreenshotTools
LogPluginManager: Mounting plugin BackChannel
LogPluginManager: Mounting plugin ChaosClothEditor
LogPluginManager: Mounting plugin ChaosCloth
LogPluginManager: Mounting plugin ChaosEditor
LogPluginManager: Mounting plugin PlanarCut
LogPluginManager: Mounting plugin GeometryProcessing
LogPluginManager: Mounting plugin EditableMesh
LogPluginManager: Mounting plugin GeometryCollectionPlugin
LogPluginManager: Mounting plugin ProceduralMeshComponent
LogPluginManager: Mounting plugin ChaosSolverPlugin
LogPluginManager: Mounting plugin ChaosNiagara
LogPluginManager: Mounting plugin Niagara
LogPluginManager: Mounting plugin CharacterAI
LogPluginManager: Mounting plugin PlatformCrypto
LogPluginManager: Mounting plugin MagicLeapPassableWorld
LogPluginManager: Mounting plugin MagicLeap
LogPluginManager: Mounting plugin MLSDK
LogPluginManager: Mounting plugin MagicLeapLightEstimation
LogPluginManager: Mounting plugin AvfMedia
LogPluginManager: Mounting plugin ImgMedia
LogPluginManager: Mounting plugin MediaCompositing
LogPluginManager: Mounting plugin WmfMedia
LogPluginManager: Mounting plugin MeshPainting
LogPluginManager: Mounting plugin TcpMessaging
LogPluginManager: Mounting plugin UdpMessaging
LogPluginManager: Mounting plugin ActorSequence
LogPluginManager: Mounting plugin LevelSequenceEditor
LogPluginManager: Mounting plugin MatineeToLevelSequence
LogPluginManager: Mounting plugin TemplateSequence
LogPluginManager: Mounting plugin MovieRenderPipeline
LogPluginManager: Mounting plugin EditorScriptingUtilities
LogPluginManager: Mounting plugin NetcodeUnitTest
LogPluginManager: Mounting plugin OnlineSubsystemNull
LogPluginManager: Mounting plugin OnlineSubsystem
LogPluginManager: Mounting plugin OnlineSubsystemUtils
LogPluginManager: Mounting plugin LauncherChunkInstaller
LogPluginManager: Mounting plugin AndroidPermission
LogPluginManager: Mounting plugin AppleImageUtils
LogPluginManager: Mounting plugin ArchVisCharacter
LogPluginManager: Mounting plugin AssetTags
LogPluginManager: Mounting plugin AudioCapture
LogPluginManager: Mounting plugin CableComponent
LogPluginManager: Mounting plugin CustomMeshComponent
LogPluginManager: Mounting plugin ExampleDeviceProfileSelector
LogPluginManager: Mounting plugin GooglePAD
LogPluginManager: Mounting plugin LocationServicesBPLibrary
LogPluginManager: Mounting plugin MobilePatchingUtils
LogPluginManager: Mounting plugin PhysXVehicles
LogPluginManager: Mounting plugin RuntimePhysXCooking
LogPluginManager: Mounting plugin SoundFields
LogPluginManager: Mounting plugin Synthesis
LogPluginManager: Mounting plugin WebMMoviePlayer
LogPluginManager: Mounting plugin WebMMedia
LogPluginManager: Mounting plugin WindowsMoviePlayer
LogInit: Using libcurl 7.55.1-DEV
LogInit:  - built for x86_64-pc-win32
LogInit:  - supports SSL with OpenSSL/1.1.1
LogInit:  - supports HTTP deflate (compression) using libz 1.2.8
LogInit:  - other features:
LogInit:      CURL_VERSION_SSL
LogInit:      CURL_VERSION_LIBZ
LogInit:      CURL_VERSION_IPV6
LogInit:      CURL_VERSION_ASYNCHDNS
LogInit:      CURL_VERSION_LARGEFILE
LogInit:      CURL_VERSION_IDN
LogInit:  CurlRequestOptions (configurable via config and command line):
LogInit:  - bVerifyPeer = true  - Libcurl will verify peer certificate
LogInit:  - bUseHttpProxy = false  - Libcurl will NOT use HTTP proxy
LogInit:  - bDontReuseConnections = false  - Libcurl will reuse connections
LogInit:  - MaxHostConnections = 16  - Libcurl will limit the number of connections to a host
LogInit:  - LocalHostAddr = Default
LogInit:  - BufferSize = 65536
LogOnline: OSS: Creating online subsystem instance for: NULL
LogInit: WinSock: version 1.1 (2.2), MaxSocks=32767, MaxUdp=65467
LogOnline: OSS: TryLoadSubsystemAndSetDefault: Loaded subsystem for module [NULL]
LogInit: Build: ++UE4+Release-4.25-CL-14469661
LogInit: Engine Version: 4.25.4-14469661+++UE4+Release-4.25
LogInit: Compatible Engine Version: 4.25.0-13144385+++UE4+Release-4.25
LogInit: Net CL: 13144385
LogInit: OS: Windows 10 (Release 2009) (), CPU: Intel(R) Core(TM) i9-9900K CPU @ 3.60GHz, GPU: NVIDIA GeForce RTX 2080 Ti
LogInit: Compiled (64-bit): Oct 11 2020 08:22:12
LogInit: Compiled with Visual C++: 19.16.27032.01
LogInit: Build Configuration: Development
LogInit: Branch Name: ++UE4+Release-4.25
LogInit: Command Line: 
LogInit: Base Directory: E:/GameDev/Unreal Projects/UndeadDelivery/Builds/WindowsNoEditor/UndeadDelivery/Binaries/Win64/
LogInit: Allocator: binned2
LogInit: Installed Engine Build: 0
LogDevObjectVersion: Number of dev versions registered: 26
LogDevObjectVersion:   Dev-Blueprints (B0D832E4-1F89-4F0D-ACCF-7EB736FD4AA2): 10
LogDevObjectVersion:   Dev-Build (E1C64328-A22C-4D53-A36C-8E866417BD8C): 0
LogDevObjectVersion:   Dev-Core (375EC13C-06E4-48FB-B500-84F0262A717E): 4
LogDevObjectVersion:   Dev-Editor (E4B068ED-F494-42E9-A231-DA0B2E46BB41): 38
LogDevObjectVersion:   Dev-Framework (CFFC743F-43B0-4480-9391-14DF171D2073): 37
LogDevObjectVersion:   Dev-Mobile (B02B49B5-BB20-44E9-A304-32B752E40360): 2
LogDevObjectVersion:   Dev-Networking (A4E4105C-59A1-49B5-A7C5-40C4547EDFEE): 0
LogDevObjectVersion:   Dev-Online (39C831C9-5AE6-47DC-9A44-9C173E1C8E7C): 0
LogDevObjectVersion:   Dev-Physics (78F01B33-EBEA-4F98-B9B4-84EACCB95AA2): 4
LogDevObjectVersion:   Dev-Platform (6631380F-2D4D-43E0-8009-CF276956A95A): 0
LogDevObjectVersion:   Dev-Rendering (12F88B9F-8875-4AFC-A67C-D90C383ABD29): 43
LogDevObjectVersion:   Dev-Sequencer (7B5AE74C-D270-4C10-A958-57980B212A5A): 12
LogDevObjectVersion:   Dev-VR (D7296918-1DD6-4BDD-9DE2-64A83CC13884): 3
LogDevObjectVersion:   Dev-LoadTimes (C2A15278-BFE7-4AFE-6C17-90FF531DF755): 1
LogDevObjectVersion:   Private-Geometry (6EACA3D4-40EC-4CC1-B786-8BED09428FC5): 3
LogDevObjectVersion:   Dev-AnimPhys (29E575DD-E0A3-4627-9D10-D276232CDCEA): 17
LogDevObjectVersion:   Dev-Anim (AF43A65D-7FD3-4947-9873-3E8ED9C1BB05): 7
LogDevObjectVersion:   Dev-ReflectionCapture (6B266CEC-1EC7-4B8F-A30B-E4D90942FC07): 1
LogDevObjectVersion:   Dev-Automation (0DF73D61-A23F-47EA-B727-89E90C41499A): 1
LogDevObjectVersion:   FortniteMain (601D1886-AC64-4F84-AA16-D3DE0DEAC7D6): 31
LogDevObjectVersion:   Dev-Enterprise (9DFFBCD6-494F-0158-E221-12823C92A888): 10
LogDevObjectVersion:   Dev-Niagara (F2AED0AC-9AFE-416F-8664-AA7FFA26D6FC): 1
LogDevObjectVersion:   Dev-Destruction (174F1F0B-B4C6-45A5-B13F-2EE8D0FB917D): 10
LogDevObjectVersion:   Dev-Physics-Ext (35F94A83-E258-406C-A318-09F59610247C): 37
LogDevObjectVersion:   Dev-PhysicsMaterial-Chaos (B68FC16E-8B1B-42E2-B453-215C058844FE): 1
LogDevObjectVersion:   Dev-CineCamera (B2E18506-4273-CFC2-A54E-F4BB758BBA07): 1
LogInit: Presizing for max 2097152 objects, including 1 objects not considered by GC, pre-allocating 0 bytes for permanent pool.
LogConfig: Applying CVar settings from Section [/Script/Engine.StreamingSettings] File [../../../UndeadDelivery/Saved/Config/WindowsNoEditor/Engine.ini]
LogConfig: Setting CVar [[s.MinBulkDataSizeForAsyncLoading:131072]]
LogConfig: Setting CVar [[s.AsyncLoadingThreadEnabled:0]]
LogConfig: Setting CVar [[s.EventDrivenLoaderEnabled:1]]
LogConfig: Setting CVar [[s.WarnIfTimeLimitExceeded:0]]
LogConfig: Setting CVar [[s.TimeLimitExceededMultiplier:1.5]]
LogConfig: Setting CVar [[s.TimeLimitExceededMinTime:0.005]]
LogConfig: Setting CVar [[s.UseBackgroundLevelStreaming:1]]
LogConfig: Setting CVar [[s.PriorityAsyncLoadingExtraTime:15.0]]
LogConfig: Setting CVar [[s.LevelStreamingActorsUpdateTimeLimit:5.0]]
LogConfig: Setting CVar [[s.PriorityLevelStreamingActorsUpdateExtraTime:5.0]]
LogConfig: Setting CVar [[s.LevelStreamingComponentsRegistrationGranularity:10]]
LogConfig: Setting CVar [[s.UnregisterComponentsTimeLimit:1.0]]
LogConfig: Setting CVar [[s.LevelStreamingComponentsUnregistrationGranularity:5]]
LogConfig: Setting CVar [[s.FlushStreamingOnExit:1]]
LogStreaming: Display: Async Loading initialized: Event Driven Loader: true, Async Loading Thread: false, Async Post Load: true
LogInit: Object subsystem initialized
LogConfig: Setting CVar [[con.DebugEarlyDefault:1]]
LogConfig: Setting CVar [[r.setres:1280x720]]
LogConfig: Setting CVar [[fx.NiagaraAllowRuntimeScalabilityChanges:1]]
[2022.05.28-08.33.20:405][  0]LogConfig: Setting CVar [[con.DebugEarlyDefault:1]]
[2022.05.28-08.33.20:405][  0]LogConfig: Setting CVar [[r.setres:1280x720]]
[2022.05.28-08.33.20:405][  0]LogConfig: Setting CVar [[fx.NiagaraAllowRuntimeScalabilityChanges:1]]
[2022.05.28-08.33.20:405][  0]LogConfig: Applying CVar settings from Section [/Script/Engine.RendererSettings] File [../../../UndeadDelivery/Saved/Config/WindowsNoEditor/Engine.ini]
[2022.05.28-08.33.20:405][  0]LogConfig: Setting CVar [[r.GPUCrashDebugging:0]]
[2022.05.28-08.33.20:405][  0]LogConfig: Applying CVar settings from Section [/Script/Engine.RendererOverrideSettings] File [../../../UndeadDelivery/Saved/Config/WindowsNoEditor/Engine.ini]
[2022.05.28-08.33.20:405][  0]LogConfig: Applying CVar settings from Section [/Script/Engine.StreamingSettings] File [../../../UndeadDelivery/Saved/Config/WindowsNoEditor/Engine.ini]
[2022.05.28-08.33.20:405][  0]LogConfig: Setting CVar [[s.MinBulkDataSizeForAsyncLoading:131072]]
[2022.05.28-08.33.20:405][  0]LogConfig: Setting CVar [[s.AsyncLoadingThreadEnabled:0]]
[2022.05.28-08.33.20:405][  0]LogConfig: Setting CVar [[s.EventDrivenLoaderEnabled:1]]
[2022.05.28-08.33.20:405][  0]LogConfig: Setting CVar [[s.WarnIfTimeLimitExceeded:0]]
[2022.05.28-08.33.20:405][  0]LogConfig: Setting CVar [[s.TimeLimitExceededMultiplier:1.5]]
[2022.05.28-08.33.20:405][  0]LogConfig: Setting CVar [[s.TimeLimitExceededMinTime:0.005]]
[2022.05.28-08.33.20:405][  0]LogConfig: Setting CVar [[s.UseBackgroundLevelStreaming:1]]
[2022.05.28-08.33.20:405][  0]LogConfig: Setting CVar [[s.PriorityAsyncLoadingExtraTime:15.0]]
[2022.05.28-08.33.20:405][  0]LogConfig: Setting CVar [[s.LevelStreamingActorsUpdateTimeLimit:5.0]]
[2022.05.28-08.33.20:405][  0]LogConfig: Setting CVar [[s.PriorityLevelStreamingActorsUpdateExtraTime:5.0]]
[2022.05.28-08.33.20:405][  0]LogConfig: Setting CVar [[s.LevelStreamingComponentsRegistrationGranularity:10]]
[2022.05.28-08.33.20:405][  0]LogConfig: Setting CVar [[s.UnregisterComponentsTimeLimit:1.0]]
[2022.05.28-08.33.20:405][  0]LogConfig: Setting CVar [[s.LevelStreamingComponentsUnregistrationGranularity:5]]
[2022.05.28-08.33.20:405][  0]LogConfig: Setting CVar [[s.FlushStreamingOnExit:1]]
[2022.05.28-08.33.20:405][  0]LogConfig: Applying CVar settings from Section [/Script/Engine.GarbageCollectionSettings] File [../../../UndeadDelivery/Saved/Config/WindowsNoEditor/Engine.ini]
[2022.05.28-08.33.20:405][  0]LogConfig: Setting CVar [[gc.MaxObjectsNotConsideredByGC:1]]
[2022.05.28-08.33.20:405][  0]LogConfig: Setting CVar [[gc.SizeOfPermanentObjectPool:0]]
[2022.05.28-08.33.20:405][  0]LogConfig: Setting CVar [[gc.FlushStreamingOnGC:0]]
[2022.05.28-08.33.20:405][  0]LogConfig: Setting CVar [[gc.NumRetriesBeforeForcingGC:10]]
[2022.05.28-08.33.20:405][  0]LogConfig: Setting CVar [[gc.AllowParallelGC:1]]
[2022.05.28-08.33.20:405][  0]LogConfig: Setting CVar [[gc.TimeBetweenPurgingPendingKillObjects:61.1]]
[2022.05.28-08.33.20:405][  0]LogConfig: Setting CVar [[gc.MaxObjectsInEditor:25165824]]
[2022.05.28-08.33.20:405][  0]LogConfig: Setting CVar [[gc.IncrementalBeginDestroyEnabled:1]]
[2022.05.28-08.33.20:405][  0]LogConfig: Setting CVar [[gc.CreateGCClusters:1]]
[2022.05.28-08.33.20:405][  0]LogConfig: Setting CVar [[gc.MinGCClusterSize:5]]
[2022.05.28-08.33.20:405][  0]LogConfig: Setting CVar [[gc.ActorClusteringEnabled:0]]
[2022.05.28-08.33.20:405][  0]LogConfig: Setting CVar [[gc.BlueprintClusteringEnabled:0]]
[2022.05.28-08.33.20:405][  0]LogConfig: Setting CVar [[gc.UseDisregardForGCOnDedicatedServers:0]]
[2022.05.28-08.33.20:405][  0]LogConfig: Applying CVar settings from Section [/Script/Engine.NetworkSettings] File [../../../UndeadDelivery/Saved/Config/WindowsNoEditor/Engine.ini]
[2022.05.28-08.33.20:410][  0]LogConfig: Applying CVar settings from Section [ViewDistanceQuality@3] File [../../../UndeadDelivery/Saved/Config/WindowsNoEditor/Scalability.ini]
[2022.05.28-08.33.20:410][  0]LogConfig: Setting CVar [[r.SkeletalMeshLODBias:0]]
[2022.05.28-08.33.20:410][  0]LogConfig: Setting CVar [[r.ViewDistanceScale:1.0]]
[2022.05.28-08.33.20:410][  0]LogConfig: Applying CVar settings from Section [AntiAliasingQuality@3] File [../../../UndeadDelivery/Saved/Config/WindowsNoEditor/Scalability.ini]
[2022.05.28-08.33.20:410][  0]LogConfig: Setting CVar [[r.PostProcessAAQuality:4]]
[2022.05.28-08.33.20:410][  0]LogConfig: Applying CVar settings from Section [ShadowQuality@3] File [../../../UndeadDelivery/Saved/Config/WindowsNoEditor/Scalability.ini]
[2022.05.28-08.33.20:410][  0]LogConfig: Setting CVar [[r.LightFunctionQuality:1]]
[2022.05.28-08.33.20:410][  0]LogConfig: Setting CVar [[r.ShadowQuality:5]]
[2022.05.28-08.33.20:410][  0]LogConfig: Setting CVar [[r.Shadow.CSM.MaxCascades:10]]
[2022.05.28-08.33.20:410][  0]LogConfig: Setting CVar [[r.Shadow.MaxResolution:2048]]
[2022.05.28-08.33.20:410][  0]LogConfig: Setting CVar [[r.Shadow.MaxCSMResolution:2048]]
[2022.05.28-08.33.20:410][  0]LogConfig: Setting CVar [[r.Shadow.RadiusThreshold:0.01]]
[2022.05.28-08.33.20:410][  0]LogConfig: Setting CVar [[r.Shadow.DistanceScale:1.0]]
[2022.05.28-08.33.20:410][  0]LogConfig: Setting CVar [[r.Shadow.CSM.TransitionScale:1.0]]
[2022.05.28-08.33.20:410][  0]LogConfig: Setting CVar [[r.Shadow.PreShadowResolutionFactor:1.0]]
[2022.05.28-08.33.20:410][  0]LogConfig: Setting CVar [[r.DistanceFieldShadowing:1]]
[2022.05.28-08.33.20:410][  0]LogConfig: Setting CVar [[r.DistanceFieldAO:1]]
[2022.05.28-08.33.20:410][  0]LogConfig: Setting CVar [[r.AOQuality:2]]
[2022.05.28-08.33.20:410][  0]LogConfig: Setting CVar [[r.VolumetricFog:1]]
[2022.05.28-08.33.20:410][  0]LogConfig: Setting CVar [[r.VolumetricFog.GridPixelSize:8]]
[2022.05.28-08.33.20:410][  0]LogConfig: Setting CVar [[r.VolumetricFog.GridSizeZ:128]]
[2022.05.28-08.33.20:410][  0]LogConfig: Setting CVar [[r.VolumetricFog.HistoryMissSupersampleCount:4]]
[2022.05.28-08.33.20:410][  0]LogConfig: Setting CVar [[r.LightMaxDrawDistanceScale:1]]
[2022.05.28-08.33.20:410][  0]LogConfig: Setting CVar [[r.CapsuleShadows:1]]
[2022.05.28-08.33.20:410][  0]LogConfig: Applying CVar settings from Section [PostProcessQuality@3] File [../../../UndeadDelivery/Saved/Config/WindowsNoEditor/Scalability.ini]
[2022.05.28-08.33.20:410][  0]LogConfig: Setting CVar [[r.MotionBlurQuality:4]]
[2022.05.28-08.33.20:410][  0]LogConfig: Setting CVar [[r.AmbientOcclusionMipLevelFactor:0.4]]
[2022.05.28-08.33.20:410][  0]LogConfig: Setting CVar [[r.AmbientOcclusionMaxQuality:100]]
[2022.05.28-08.33.20:410][  0]LogConfig: Setting CVar [[r.AmbientOcclusionLevels:-1]]
[2022.05.28-08.33.20:410][  0]LogConfig: Setting CVar [[r.AmbientOcclusionRadiusScale:1.0]]
[2022.05.28-08.33.20:410][  0]LogConfig: Setting CVar [[r.DepthOfFieldQuality:2]]
[2022.05.28-08.33.20:410][  0]LogConfig: Setting CVar [[r.RenderTargetPoolMin:400]]
[2022.05.28-08.33.20:410][  0]LogConfig: Setting CVar [[r.LensFlareQuality:2]]
[2022.05.28-08.33.20:410][  0]LogConfig: Setting CVar [[r.SceneColorFringeQuality:1]]
[2022.05.28-08.33.20:410][  0]LogConfig: Setting CVar [[r.EyeAdaptationQuality:2]]
[2022.05.28-08.33.20:410][  0]LogConfig: Setting CVar [[r.BloomQuality:5]]
[2022.05.28-08.33.20:410][  0]LogConfig: Setting CVar [[r.FastBlurThreshold:100]]
[2022.05.28-08.33.20:410][  0]LogConfig: Setting CVar [[r.Upscale.Quality:3]]
[2022.05.28-08.33.20:410][  0]LogConfig: Setting CVar [[r.Tonemapper.GrainQuantization:1]]
[2022.05.28-08.33.20:410][  0]LogConfig: Setting CVar [[r.LightShaftQuality:1]]
[2022.05.28-08.33.20:410][  0]LogConfig: Setting CVar [[r.Filter.SizeScale:1]]
[2022.05.28-08.33.20:410][  0]LogConfig: Setting CVar [[r.Tonemapper.Quality:5]]
[2022.05.28-08.33.20:410][  0]LogConfig: Setting CVar [[r.DOF.Gather.AccumulatorQuality:1        ; higher gathering accumulator quality]]
[2022.05.28-08.33.20:410][  0]LogConfig: Setting CVar [[r.DOF.Gather.PostfilterMethod:1          ; Median3x3 postfilering method]]
[2022.05.28-08.33.20:410][  0]LogConfig: Setting CVar [[r.DOF.Gather.EnableBokehSettings:0       ; no bokeh simulation when gathering]]
[2022.05.28-08.33.20:410][  0]LogConfig: Setting CVar [[r.DOF.Gather.RingCount:4                 ; medium number of samples when gathering]]
[2022.05.28-08.33.20:410][  0]LogConfig: Setting CVar [[r.DOF.Scatter.ForegroundCompositing:1    ; additive foreground scattering]]
[2022.05.28-08.33.20:410][  0]LogConfig: Setting CVar [[r.DOF.Scatter.BackgroundCompositing:2    ; additive background scattering]]
[2022.05.28-08.33.20:410][  0]LogConfig: Setting CVar [[r.DOF.Scatter.EnableBokehSettings:1      ; bokeh simulation when scattering]]
[2022.05.28-08.33.20:410][  0]LogConfig: Setting CVar [[r.DOF.Scatter.MaxSpriteRatio:0.1         ; only a maximum of 10% of scattered bokeh]]
[2022.05.28-08.33.20:410][  0]LogConfig: Setting CVar [[r.DOF.Recombine.Quality:1                ; cheap slight out of focus]]
[2022.05.28-08.33.20:410][  0]LogConfig: Setting CVar [[r.DOF.Recombine.EnableBokehSettings:0    ; no bokeh simulation on slight out of focus]]
[2022.05.28-08.33.20:410][  0]LogConfig: Setting CVar [[r.DOF.TemporalAAQuality:1                ; more stable temporal accumulation]]
[2022.05.28-08.33.20:410][  0]LogConfig: Setting CVar [[r.DOF.Kernel.MaxForegroundRadius:0.025]]
[2022.05.28-08.33.20:410][  0]LogConfig: Setting CVar [[r.DOF.Kernel.MaxBackgroundRadius:0.025]]
[2022.05.28-08.33.20:410][  0]LogConfig: Applying CVar settings from Section [TextureQuality@3] File [../../../UndeadDelivery/Saved/Config/WindowsNoEditor/Scalability.ini]
[2022.05.28-08.33.20:410][  0]LogConfig: Setting CVar [[r.Streaming.MipBias:0]]
[2022.05.28-08.33.20:410][  0]LogConfig: Setting CVar [[r.Streaming.AmortizeCPUToGPUCopy:0]]
[2022.05.28-08.33.20:410][  0]LogConfig: Setting CVar [[r.Streaming.MaxNumTexturesToStreamPerFrame:0]]
[2022.05.28-08.33.20:410][  0]LogConfig: Setting CVar [[r.Streaming.Boost:1]]
[2022.05.28-08.33.20:410][  0]LogConfig: Setting CVar [[r.MaxAnisotropy:8]]
[2022.05.28-08.33.20:410][  0]LogConfig: Setting CVar [[r.VT.MaxAnisotropy:8]]
[2022.05.28-08.33.20:410][  0]LogConfig: Setting CVar [[r.Streaming.LimitPoolSizeToVRAM:0]]
[2022.05.28-08.33.20:410][  0]LogConfig: Setting CVar [[r.Streaming.PoolSize:1000]]
[2022.05.28-08.33.20:410][  0]LogConfig: Setting CVar [[r.Streaming.MaxEffectiveScreenSize:0]]
[2022.05.28-08.33.20:410][  0]LogConfig: Applying CVar settings from Section [EffectsQuality@3] File [../../../UndeadDelivery/Saved/Config/WindowsNoEditor/Scalability.ini]
[2022.05.28-08.33.20:410][  0]LogConfig: Setting CVar [[r.TranslucencyLightingVolumeDim:64]]
[2022.05.28-08.33.20:410][  0]LogConfig: Setting CVar [[r.RefractionQuality:2]]
[2022.05.28-08.33.20:410][  0]LogConfig: Setting CVar [[r.SSR.Quality:3]]
[2022.05.28-08.33.20:410][  0]LogConfig: Setting CVar [[r.SSR.HalfResSceneColor:0]]
[2022.05.28-08.33.20:410][  0]LogConfig: Setting CVar [[r.SceneColorFormat:4]]
[2022.05.28-08.33.20:410][  0]LogConfig: Setting CVar [[r.DetailMode:2]]
[2022.05.28-08.33.20:410][  0]LogConfig: Setting CVar [[r.TranslucencyVolumeBlur:1]]
[2022.05.28-08.33.20:410][  0]LogConfig: Setting CVar [[r.MaterialQualityLevel:1 ; High quality]]
[2022.05.28-08.33.20:410][  0]LogConfig: Setting CVar [[r.SSS.Scale:1]]
[2022.05.28-08.33.20:410][  0]LogConfig: Setting CVar [[r.SSS.SampleSet:2]]
[2022.05.28-08.33.20:410][  0]LogConfig: Setting CVar [[r.SSS.Quality:1]]
[2022.05.28-08.33.20:410][  0]LogConfig: Setting CVar [[r.SSS.HalfRes:0]]
[2022.05.28-08.33.20:410][  0]LogConfig: Setting CVar [[r.SSGI.Quality:3]]
[2022.05.28-08.33.20:410][  0]LogConfig: Setting CVar [[r.EmitterSpawnRateScale:1.0]]
[2022.05.28-08.33.20:410][  0]LogConfig: Setting CVar [[r.ParticleLightQuality:2]]
[2022.05.28-08.33.20:410][  0]LogConfig: Setting CVar [[r.SkyAtmosphere.AerialPerspectiveLUT.FastApplyOnOpaque:1 ; Always have FastSkyLUT 1 in this case to avoid wrong sky]]
[2022.05.28-08.33.20:410][  0]LogConfig: Setting CVar [[r.SkyAtmosphere.AerialPerspectiveLUT.SampleCountPerSlice:1]]
[2022.05.28-08.33.20:410][  0]LogConfig: Setting CVar [[r.SkyAtmosphere.AerialPerspectiveLUT.DepthResolution:16.0]]
[2022.05.28-08.33.20:410][  0]LogConfig: Setting CVar [[r.SkyAtmosphere.FastSkyLUT:1]]
[2022.05.28-08.33.20:410][  0]LogConfig: Setting CVar [[r.SkyAtmosphere.FastSkyLUT.SampleCountMin:4.0]]
[2022.05.28-08.33.20:410][  0]LogConfig: Setting CVar [[r.SkyAtmosphere.FastSkyLUT.SampleCountMax:32.0]]
[2022.05.28-08.33.20:410][  0]LogConfig: Setting CVar [[r.SkyAtmosphere.SampleCountMin:4.0]]
[2022.05.28-08.33.20:410][  0]LogConfig: Setting CVar [[r.SkyAtmosphere.SampleCountMax:32.0]]
[2022.05.28-08.33.20:410][  0]LogConfig: Setting CVar [[r.SkyAtmosphere.TransmittanceLUT.UseSmallFormat:0]]
[2022.05.28-08.33.20:410][  0]LogConfig: Setting CVar [[r.SkyAtmosphere.TransmittanceLUT.SampleCount:10.0]]
[2022.05.28-08.33.20:410][  0]LogConfig: Setting CVar [[r.SkyAtmosphere.MultiScatteringLUT.SampleCount:15.0]]
[2022.05.28-08.33.20:410][  0]LogConfig: Setting CVar [[fx.Niagara.QualityLevel:3]]
[2022.05.28-08.33.20:411][  0]LogConfig: Applying CVar settings from Section [FoliageQuality@3] File [../../../UndeadDelivery/Saved/Config/WindowsNoEditor/Scalability.ini]
[2022.05.28-08.33.20:411][  0]LogConfig: Setting CVar [[foliage.DensityScale:1.0]]
[2022.05.28-08.33.20:411][  0]LogConfig: Setting CVar [[grass.DensityScale:1.0]]
[2022.05.28-08.33.20:411][  0]LogConfig: Applying CVar settings from Section [ShadingQuality@3] File [../../../UndeadDelivery/Saved/Config/WindowsNoEditor/Scalability.ini]
[2022.05.28-08.33.20:411][  0]LogConfig: Setting CVar [[r.HairStrands.SkyLighting.SampleCount:16]]
[2022.05.28-08.33.20:411][  0]LogConfig: Setting CVar [[r.HairStrands.SkyLighting.JitterIntegration:0]]
[2022.05.28-08.33.20:411][  0]LogConfig: Setting CVar [[r.HairStrands.SkyAO.SampleCount:16]]
[2022.05.28-08.33.20:411][  0]LogConfig: Setting CVar [[r.HairStrands.DeepShadow.SuperSampling:0]]
[2022.05.28-08.33.20:411][  0]LogConfig: Setting CVar [[r.HairStrands.VisibilityPPLL:0]]
[2022.05.28-08.33.20:411][  0]LogConfig: Setting CVar [[r.HairStrands.RasterizationScale:0.5]]
[2022.05.28-08.33.20:411][  0]LogConfig: Setting CVar [[r.HairStrands.VelocityRasterizationScale:1]]
[2022.05.28-08.33.20:411][  0]LogInit: Selected Device Profile: [WindowsNoEditor]
[2022.05.28-08.33.20:411][  0]LogInit: Applying CVar settings loaded from the selected device profile: [WindowsNoEditor]
[2022.05.28-08.33.20:411][  0]LogHAL: Display: Platform has ~ 32 GB [34266710016 / 34359738368 / 32], which maps to Largest [LargestMinGB=32, LargerMinGB=12, DefaultMinGB=8, SmallerMinGB=6, SmallestMinGB=0)
[2022.05.28-08.33.20:411][  0]LogInit: Going up to parent DeviceProfile [Windows]
[2022.05.28-08.33.20:411][  0]LogInit: Going up to parent DeviceProfile []
[2022.05.28-08.33.20:411][  0]LogConfig: Applying CVar settings from Section [ViewDistanceQuality@3] File [../../../UndeadDelivery/Saved/Config/WindowsNoEditor/Scalability.ini]
[2022.05.28-08.33.20:411][  0]LogConfig: Setting CVar [[r.SkeletalMeshLODBias:0]]
[2022.05.28-08.33.20:411][  0]LogConfig: Setting CVar [[r.ViewDistanceScale:1.0]]
[2022.05.28-08.33.20:411][  0]LogConfig: Applying CVar settings from Section [AntiAliasingQuality@3] File [../../../UndeadDelivery/Saved/Config/WindowsNoEditor/Scalability.ini]
[2022.05.28-08.33.20:411][  0]LogConfig: Setting CVar [[r.PostProcessAAQuality:4]]
[2022.05.28-08.33.20:411][  0]LogConfig: Applying CVar settings from Section [ShadowQuality@3] File [../../../UndeadDelivery/Saved/Config/WindowsNoEditor/Scalability.ini]
[2022.05.28-08.33.20:411][  0]LogConfig: Setting CVar [[r.LightFunctionQuality:1]]
[2022.05.28-08.33.20:411][  0]LogConfig: Setting CVar [[r.ShadowQuality:5]]
[2022.05.28-08.33.20:411][  0]LogConfig: Setting CVar [[r.Shadow.CSM.MaxCascades:10]]
[2022.05.28-08.33.20:411][  0]LogConfig: Setting CVar [[r.Shadow.MaxResolution:2048]]
[2022.05.28-08.33.20:411][  0]LogConfig: Setting CVar [[r.Shadow.MaxCSMResolution:2048]]
[2022.05.28-08.33.20:411][  0]LogConfig: Setting CVar [[r.Shadow.RadiusThreshold:0.01]]
[2022.05.28-08.33.20:411][  0]LogConfig: Setting CVar [[r.Shadow.DistanceScale:1.0]]
[2022.05.28-08.33.20:411][  0]LogConfig: Setting CVar [[r.Shadow.CSM.TransitionScale:1.0]]
[2022.05.28-08.33.20:411][  0]LogConfig: Setting CVar [[r.Shadow.PreShadowResolutionFactor:1.0]]
[2022.05.28-08.33.20:411][  0]LogConfig: Setting CVar [[r.DistanceFieldShadowing:1]]
[2022.05.28-08.33.20:411][  0]LogConfig: Setting CVar [[r.DistanceFieldAO:1]]
[2022.05.28-08.33.20:411][  0]LogConfig: Setting CVar [[r.AOQuality:2]]
[2022.05.28-08.33.20:411][  0]LogConfig: Setting CVar [[r.VolumetricFog:1]]
[2022.05.28-08.33.20:411][  0]LogConfig: Setting CVar [[r.VolumetricFog.GridPixelSize:8]]
[2022.05.28-08.33.20:411][  0]LogConfig: Setting CVar [[r.VolumetricFog.GridSizeZ:128]]
[2022.05.28-08.33.20:411][  0]LogConfig: Setting CVar [[r.VolumetricFog.HistoryMissSupersampleCount:4]]
[2022.05.28-08.33.20:411][  0]LogConfig: Setting CVar [[r.LightMaxDrawDistanceScale:1]]
[2022.05.28-08.33.20:411][  0]LogConfig: Setting CVar [[r.CapsuleShadows:1]]
[2022.05.28-08.33.20:411][  0]LogConfig: Applying CVar settings from Section [PostProcessQuality@3] File [../../../UndeadDelivery/Saved/Config/WindowsNoEditor/Scalability.ini]
[2022.05.28-08.33.20:411][  0]LogConfig: Setting CVar [[r.MotionBlurQuality:4]]
[2022.05.28-08.33.20:411][  0]LogConfig: Setting CVar [[r.AmbientOcclusionMipLevelFactor:0.4]]
[2022.05.28-08.33.20:411][  0]LogConfig: Setting CVar [[r.AmbientOcclusionMaxQuality:100]]
[2022.05.28-08.33.20:411][  0]LogConfig: Setting CVar [[r.AmbientOcclusionLevels:-1]]
[2022.05.28-08.33.20:411][  0]LogConfig: Setting CVar [[r.AmbientOcclusionRadiusScale:1.0]]
[2022.05.28-08.33.20:411][  0]LogConfig: Setting CVar [[r.DepthOfFieldQuality:2]]
[2022.05.28-08.33.20:411][  0]LogConfig: Setting CVar [[r.RenderTargetPoolMin:400]]
[2022.05.28-08.33.20:411][  0]LogConfig: Setting CVar [[r.LensFlareQuality:2]]
[2022.05.28-08.33.20:411][  0]LogConfig: Setting CVar [[r.SceneColorFringeQuality:1]]
[2022.05.28-08.33.20:411][  0]LogConfig: Setting CVar [[r.EyeAdaptationQuality:2]]
[2022.05.28-08.33.20:411][  0]LogConfig: Setting CVar [[r.BloomQuality:5]]
[2022.05.28-08.33.20:411][  0]LogConfig: Setting CVar [[r.FastBlurThreshold:100]]
[2022.05.28-08.33.20:411][  0]LogConfig: Setting CVar [[r.Upscale.Quality:3]]
[2022.05.28-08.33.20:411][  0]LogConfig: Setting CVar [[r.Tonemapper.GrainQuantization:1]]
[2022.05.28-08.33.20:411][  0]LogConfig: Setting CVar [[r.LightShaftQuality:1]]
[2022.05.28-08.33.20:411][  0]LogConfig: Setting CVar [[r.Filter.SizeScale:1]]
[2022.05.28-08.33.20:411][  0]LogConfig: Setting CVar [[r.Tonemapper.Quality:5]]
[2022.05.28-08.33.20:411][  0]LogConfig: Setting CVar [[r.DOF.Gather.AccumulatorQuality:1        ; higher gathering accumulator quality]]
[2022.05.28-08.33.20:411][  0]LogConfig: Setting CVar [[r.DOF.Gather.PostfilterMethod:1          ; Median3x3 postfilering method]]
[2022.05.28-08.33.20:411][  0]LogConfig: Setting CVar [[r.DOF.Gather.EnableBokehSettings:0       ; no bokeh simulation when gathering]]
[2022.05.28-08.33.20:411][  0]LogConfig: Setting CVar [[r.DOF.Gather.RingCount:4                 ; medium number of samples when gathering]]
[2022.05.28-08.33.20:411][  0]LogConfig: Setting CVar [[r.DOF.Scatter.ForegroundCompositing:1    ; additive foreground scattering]]
[2022.05.28-08.33.20:411][  0]LogConfig: Setting CVar [[r.DOF.Scatter.BackgroundCompositing:2    ; additive background scattering]]
[2022.05.28-08.33.20:411][  0]LogConfig: Setting CVar [[r.DOF.Scatter.EnableBokehSettings:1      ; bokeh simulation when scattering]]
[2022.05.28-08.33.20:411][  0]LogConfig: Setting CVar [[r.DOF.Scatter.MaxSpriteRatio:0.1         ; only a maximum of 10% of scattered bokeh]]
[2022.05.28-08.33.20:411][  0]LogConfig: Setting CVar [[r.DOF.Recombine.Quality:1                ; cheap slight out of focus]]
[2022.05.28-08.33.20:411][  0]LogConfig: Setting CVar [[r.DOF.Recombine.EnableBokehSettings:0    ; no bokeh simulation on slight out of focus]]
[2022.05.28-08.33.20:411][  0]LogConfig: Setting CVar [[r.DOF.TemporalAAQuality:1                ; more stable temporal accumulation]]
[2022.05.28-08.33.20:411][  0]LogConfig: Setting CVar [[r.DOF.Kernel.MaxForegroundRadius:0.025]]
[2022.05.28-08.33.20:411][  0]LogConfig: Setting CVar [[r.DOF.Kernel.MaxBackgroundRadius:0.025]]
[2022.05.28-08.33.20:411][  0]LogConfig: Applying CVar settings from Section [TextureQuality@3] File [../../../UndeadDelivery/Saved/Config/WindowsNoEditor/Scalability.ini]
[2022.05.28-08.33.20:411][  0]LogConfig: Setting CVar [[r.Streaming.MipBias:0]]
[2022.05.28-08.33.20:411][  0]LogConfig: Setting CVar [[r.Streaming.AmortizeCPUToGPUCopy:0]]
[2022.05.28-08.33.20:411][  0]LogConfig: Setting CVar [[r.Streaming.MaxNumTexturesToStreamPerFrame:0]]
[2022.05.28-08.33.20:411][  0]LogConfig: Setting CVar [[r.Streaming.Boost:1]]
[2022.05.28-08.33.20:411][  0]LogConfig: Setting CVar [[r.MaxAnisotropy:8]]
[2022.05.28-08.33.20:411][  0]LogConfig: Setting CVar [[r.VT.MaxAnisotropy:8]]
[2022.05.28-08.33.20:411][  0]LogConfig: Setting CVar [[r.Streaming.LimitPoolSizeToVRAM:0]]
[2022.05.28-08.33.20:411][  0]LogConfig: Setting CVar [[r.Streaming.PoolSize:1000]]
[2022.05.28-08.33.20:411][  0]LogConfig: Setting CVar [[r.Streaming.MaxEffectiveScreenSize:0]]
[2022.05.28-08.33.20:411][  0]LogConfig: Applying CVar settings from Section [EffectsQuality@3] File [../../../UndeadDelivery/Saved/Config/WindowsNoEditor/Scalability.ini]
[2022.05.28-08.33.20:411][  0]LogConfig: Setting CVar [[r.TranslucencyLightingVolumeDim:64]]
[2022.05.28-08.33.20:411][  0]LogConfig: Setting CVar [[r.RefractionQuality:2]]
[2022.05.28-08.33.20:411][  0]LogConfig: Setting CVar [[r.SSR.Quality:3]]
[2022.05.28-08.33.20:411][  0]LogConfig: Setting CVar [[r.SSR.HalfResSceneColor:0]]
[2022.05.28-08.33.20:411][  0]LogConfig: Setting CVar [[r.SceneColorFormat:4]]
[2022.05.28-08.33.20:411][  0]LogConfig: Setting CVar [[r.DetailMode:2]]
[2022.05.28-08.33.20:411][  0]LogConfig: Setting CVar [[r.TranslucencyVolumeBlur:1]]
[2022.05.28-08.33.20:411][  0]LogConfig: Setting CVar [[r.MaterialQualityLevel:1 ; High quality]]
[2022.05.28-08.33.20:411][  0]LogConfig: Setting CVar [[r.SSS.Scale:1]]
[2022.05.28-08.33.20:411][  0]LogConfig: Setting CVar [[r.SSS.SampleSet:2]]
[2022.05.28-08.33.20:411][  0]LogConfig: Setting CVar [[r.SSS.Quality:1]]
[2022.05.28-08.33.20:411][  0]LogConfig: Setting CVar [[r.SSS.HalfRes:0]]
[2022.05.28-08.33.20:411][  0]LogConfig: Setting CVar [[r.SSGI.Quality:3]]
[2022.05.28-08.33.20:411][  0]LogConfig: Setting CVar [[r.EmitterSpawnRateScale:1.0]]
[2022.05.28-08.33.20:411][  0]LogConfig: Setting CVar [[r.ParticleLightQuality:2]]
[2022.05.28-08.33.20:412][  0]LogConfig: Setting CVar [[r.SkyAtmosphere.AerialPerspectiveLUT.FastApplyOnOpaque:1 ; Always have FastSkyLUT 1 in this case to avoid wrong sky]]
[2022.05.28-08.33.20:412][  0]LogConfig: Setting CVar [[r.SkyAtmosphere.AerialPerspectiveLUT.SampleCountPerSlice:1]]
[2022.05.28-08.33.20:412][  0]LogConfig: Setting CVar [[r.SkyAtmosphere.AerialPerspectiveLUT.DepthResolution:16.0]]
[2022.05.28-08.33.20:412][  0]LogConfig: Setting CVar [[r.SkyAtmosphere.FastSkyLUT:1]]
[2022.05.28-08.33.20:412][  0]LogConfig: Setting CVar [[r.SkyAtmosphere.FastSkyLUT.SampleCountMin:4.0]]
[2022.05.28-08.33.20:412][  0]LogConfig: Setting CVar [[r.SkyAtmosphere.FastSkyLUT.SampleCountMax:32.0]]
[2022.05.28-08.33.20:412][  0]LogConfig: Setting CVar [[r.SkyAtmosphere.SampleCountMin:4.0]]
[2022.05.28-08.33.20:412][  0]LogConfig: Setting CVar [[r.SkyAtmosphere.SampleCountMax:32.0]]
[2022.05.28-08.33.20:412][  0]LogConfig: Setting CVar [[r.SkyAtmosphere.TransmittanceLUT.UseSmallFormat:0]]
[2022.05.28-08.33.20:412][  0]LogConfig: Setting CVar [[r.SkyAtmosphere.TransmittanceLUT.SampleCount:10.0]]
[2022.05.28-08.33.20:412][  0]LogConfig: Setting CVar [[r.SkyAtmosphere.MultiScatteringLUT.SampleCount:15.0]]
[2022.05.28-08.33.20:412][  0]LogConfig: Setting CVar [[fx.Niagara.QualityLevel:3]]
[2022.05.28-08.33.20:412][  0]LogConfig: Applying CVar settings from Section [FoliageQuality@3] File [../../../UndeadDelivery/Saved/Config/WindowsNoEditor/Scalability.ini]
[2022.05.28-08.33.20:412][  0]LogConfig: Setting CVar [[foliage.DensityScale:1.0]]
[2022.05.28-08.33.20:412][  0]LogConfig: Setting CVar [[grass.DensityScale:1.0]]
[2022.05.28-08.33.20:412][  0]LogConfig: Applying CVar settings from Section [ShadingQuality@3] File [../../../UndeadDelivery/Saved/Config/WindowsNoEditor/Scalability.ini]
[2022.05.28-08.33.20:412][  0]LogConfig: Setting CVar [[r.HairStrands.SkyLighting.SampleCount:16]]
[2022.05.28-08.33.20:412][  0]LogConfig: Setting CVar [[r.HairStrands.SkyLighting.JitterIntegration:0]]
[2022.05.28-08.33.20:412][  0]LogConfig: Setting CVar [[r.HairStrands.SkyAO.SampleCount:16]]
[2022.05.28-08.33.20:412][  0]LogConfig: Setting CVar [[r.HairStrands.DeepShadow.SuperSampling:0]]
[2022.05.28-08.33.20:412][  0]LogConfig: Setting CVar [[r.HairStrands.VisibilityPPLL:0]]
[2022.05.28-08.33.20:412][  0]LogConfig: Setting CVar [[r.HairStrands.RasterizationScale:0.5]]
[2022.05.28-08.33.20:412][  0]LogConfig: Setting CVar [[r.HairStrands.VelocityRasterizationScale:1]]
[2022.05.28-08.33.20:412][  0]LogConfig: Applying CVar settings from Section [Startup] File [../../../Engine/Config/ConsoleVariables.ini]
[2022.05.28-08.33.20:412][  0]LogConfig: Setting CVar [[net.UseAdaptiveNetUpdateFrequency:0]]
[2022.05.28-08.33.20:412][  0]LogConfig: Setting CVar [[p.chaos.AllowCreatePhysxBodies:1]]
[2022.05.28-08.33.20:412][  0]LogConfig: Setting CVar [[fx.SkipVectorVMBackendOptimizations:1]]
[2022.05.28-08.33.20:412][  0]LogConfig: Applying CVar settings from Section [ConsoleVariables] File [../../../UndeadDelivery/Saved/Config/WindowsNoEditor/Engine.ini]
[2022.05.28-08.33.20:412][  0]LogInit: Computer: DESKTOP-PIP28CS
[2022.05.28-08.33.20:412][  0]LogInit: User: AaronPetrek
[2022.05.28-08.33.20:412][  0]LogInit: CPU Page size=4096, Cores=8
[2022.05.28-08.33.20:412][  0]LogInit: High frequency timer resolution =10.000000 MHz
[2022.05.28-08.33.20:412][  0]LogMemory: Memory total: Physical=31.9GB (32GB approx)
[2022.05.28-08.33.20:412][  0]LogMemory: Platform Memory Stats for WindowsNoEditor
[2022.05.28-08.33.20:412][  0]LogMemory: Process Physical Memory: 69.34 MB used, 69.34 MB peak
[2022.05.28-08.33.20:412][  0]LogMemory: Process Virtual Memory: 77.27 MB used, 77.27 MB peak
[2022.05.28-08.33.20:412][  0]LogMemory: Physical Memory: 11022.61 MB used,  21656.68 MB free, 32679.28 MB total
[2022.05.28-08.33.20:412][  0]LogMemory: Virtual Memory: 4931.98 MB used,  134212792.00 MB free, 134217728.00 MB total
[2022.05.28-08.33.20:417][  0]LogWindows: WindowsPlatformFeatures enabled
[2022.05.28-08.33.20:462][  0]LogInit: Physics initialised using underlying interface: PhysX
[2022.05.28-08.33.20:471][  0]LogInit: Using OS detected language (en-US).
[2022.05.28-08.33.20:471][  0]LogInit: Using OS detected locale (en-US).
[2022.05.28-08.33.20:472][  0]LogTextLocalizationManager: No specific localization for 'en-US' exists, so the 'en' localization will be used.
[2022.05.28-08.33.20:501][  0]LogSlate: New Slate User Created.  User Index 0, Is Virtual User: 0
[2022.05.28-08.33.20:501][  0]LogSlate: Slate User Registered.  User Index 0, Is Virtual User: 0
[2022.05.28-08.33.20:512][  0]LogD3D11RHI: D3D11 min allowed feature level: 11_0
[2022.05.28-08.33.20:512][  0]LogD3D11RHI: D3D11 max allowed feature level: 11_0
[2022.05.28-08.33.20:512][  0]LogD3D11RHI: D3D11 adapters:
[2022.05.28-08.33.20:666][  0]LogD3D11RHI:    0. 'NVIDIA GeForce RTX 2080 Ti' (Feature Level 11_0)
[2022.05.28-08.33.20:666][  0]LogD3D11RHI:       11049/0/16339 MB DedicatedVideo/DedicatedSystem/SharedSystem, Outputs:2, VendorId:0x10de
[2022.05.28-08.33.20:668][  0]LogD3D11RHI:    1. 'Microsoft Basic Render Driver' (Feature Level 11_0)
[2022.05.28-08.33.20:668][  0]LogD3D11RHI:       0/0/16339 MB DedicatedVideo/DedicatedSystem/SharedSystem, Outputs:0, VendorId:0x1414
[2022.05.28-08.33.20:668][  0]LogD3D11RHI: Chosen D3D11 Adapter: 0
[2022.05.28-08.33.20:676][  0]LogD3D11RHI: Creating new Direct3DDevice
[2022.05.28-08.33.20:676][  0]LogD3D11RHI:     GPU DeviceId: 0x1e07 (for the marketing name, search the web for "GPU Device Id")
[2022.05.28-08.33.20:676][  0]LogWindows: EnumDisplayDevices:
[2022.05.28-08.33.20:676][  0]LogWindows:    0. 'NVIDIA GeForce RTX 2080 Ti' (P:1 D:1)
[2022.05.28-08.33.20:676][  0]LogWindows:    1. 'NVIDIA GeForce RTX 2080 Ti' (P:0 D:1)
[2022.05.28-08.33.20:677][  0]LogWindows:    2. 'NVIDIA GeForce RTX 2080 Ti' (P:0 D:0)
[2022.05.28-08.33.20:677][  0]LogWindows:    3. 'NVIDIA GeForce RTX 2080 Ti' (P:0 D:0)
[2022.05.28-08.33.20:677][  0]LogWindows: DebugString: FoundDriverCount:4 
[2022.05.28-08.33.20:677][  0]LogD3D11RHI:     Adapter Name: NVIDIA GeForce RTX 2080 Ti
[2022.05.28-08.33.20:677][  0]LogD3D11RHI:   Driver Version: 511.65 (internal:30.0.15.1165, unified:511.65)
[2022.05.28-08.33.20:677][  0]LogD3D11RHI:      Driver Date: 1-28-2022
[2022.05.28-08.33.20:677][  0]LogRHI: Texture pool is 7734 MB (70% of 11049 MB)
[2022.05.28-08.33.20:732][  0]LogD3D11RHI: RHI has support for 64 bit atomics
[2022.05.28-08.33.20:732][  0]LogD3D11RHI: Async texture creation enabled
[2022.05.28-08.33.20:732][  0]LogD3D11RHI: Array index from any shader is supported
[2022.05.28-08.33.20:753][  0]LogD3D11RHI: GPU Timing Frequency: 1000.000000 (Debug: 2 2)
[2022.05.28-08.33.20:753][  0]LogShaderLibrary: Display: Using ../../../UndeadDelivery/Content/ShaderArchive-Global-PCD3D_SM5.ushaderbytecode for material shader code. Total 2058 unique shaders.
[2022.05.28-08.33.20:753][  0]LogShaderLibrary: Display: Cooked Context: Using Shared Shader Library Global
[2022.05.28-08.33.20:755][  0]LogTemp: Warning: Clearing the OS Cache
[2022.05.28-08.33.20:756][  0]LogPakFile: New pak file ../../../UndeadDelivery/Content/Paks/UndeadDelivery-WindowsNoEditor.pak added to pak precacher.
[2022.05.28-08.33.20:772][  0]LogSlate: Using FreeType 2.10.0
[2022.05.28-08.33.20:772][  0]LogSlate: SlateFontServices - WITH_FREETYPE: 1, WITH_HARFBUZZ: 1
[2022.05.28-08.33.20:803][  0]LogShaderLibrary: Display: Using ../../../UndeadDelivery/Content/ShaderArchive-UndeadDelivery-PCD3D_SM5.ushaderbytecode for material shader code. Total 1184 unique shaders.
[2022.05.28-08.33.20:803][  0]LogShaderLibrary: Display: Cooked Context: Using Shared Shader Library UndeadDelivery
[2022.05.28-08.33.20:803][  0]LogRHI: Display: Opened pipeline cache after state change and enqueued 0 of 0 tasks for precompile.
[2022.05.28-08.33.20:803][  0]LogRHI: Display: Failed to open default shader pipeline cache for UndeadDelivery using shader platform 0.
[2022.05.28-08.33.20:803][  0]LogInit: Using OS detected language (en-US).
[2022.05.28-08.33.20:803][  0]LogInit: Using OS detected locale (en-US).
[2022.05.28-08.33.20:803][  0]LogTextLocalizationManager: No localization for 'en-US' exists, so 'en' will be used for the language.
[2022.05.28-08.33.20:803][  0]LogTextLocalizationManager: No localization for 'en-US' exists, so 'en' will be used for the locale.
[2022.05.28-08.33.20:803][  0]LogSlate: FontCache flush requested. Reason: Culture for localization was changed
[2022.05.28-08.33.20:803][  0]LogSlate: FontCache flush requested. Reason: Culture for localization was changed
[2022.05.28-08.33.20:804][  0]LogTextLocalizationManager: Compacting localization data took   0.46ms
[2022.05.28-08.33.20:806][  0]LogAssetRegistry: FAssetRegistry took 0.0028 seconds to start up
[2022.05.28-08.33.20:860][  0]LogStreaming: Display: Flushing async loaders.
[2022.05.28-08.33.20:860][  0]LogPackageLocalizationCache: Processed 16 localized package path(s) for 1 prioritized culture(s) in 0.000065 seconds
[2022.05.28-08.33.20:863][  0]LogInit: Selected Device Profile: [WindowsNoEditor]
[2022.05.28-08.33.20:874][  0]LogNetVersion: UndeadDelivery 1.0.0, NetCL: 13144385, EngineNetVer: 14, GameNetVer: 0 (Checksum: 3536877378)
[2022.05.28-08.33.20:895][  0]LogAudioCaptureCore: Display: No Audio Capture implementations found. Audio input will be silent.
[2022.05.28-08.33.20:895][  0]LogAudioCaptureCore: Display: No Audio Capture implementations found. Audio input will be silent.
[2022.05.28-08.33.20:909][  0]LogAISub: UAISubsystem::UAISubsystem AISubsystem (0000019535FB7A00), frame # 0
[2022.05.28-08.33.20:909][  0]LogAISub: UAISubsystem::UAISubsystem AIPerceptionSystem (00000195356EDA80), frame # 0
[2022.05.28-08.33.20:910][  0]LogAISub: UAISubsystem::UAISubsystem EnvQueryManager (0000019536852800), frame # 0
[2022.05.28-08.33.20:915][  0]LogMoviePlayer: Initializing movie player
[2022.05.28-08.33.20:918][  0]LogAndroidPermission: UAndroidPermissionCallbackProxy::GetInstance
[2022.05.28-08.33.20:920][  0]LogUObjectArray: 14024 objects as part of root set at end of initial load.
[2022.05.28-08.33.20:920][  0]LogUObjectArray: 2 objects are not in the root set, but can never be destroyed because they are in the DisregardForGC set.
[2022.05.28-08.33.20:920][  0]LogUObjectAllocator: 2826200 out of 0 bytes used by permanent object pool.
[2022.05.28-08.33.20:920][  0]LogUObjectArray: CloseDisregardForGC: 14024/14024 objects in disregard for GC pool
[2022.05.28-08.33.20:922][  0]LogEngine: Initializing Engine...
[2022.05.28-08.33.20:923][  0]LogStats: UGameplayTagsManager::InitializeManager -  0.000 s
[2022.05.28-08.33.20:960][  0]LogPakFile: Precache HighWater 16MB

[2022.05.28-08.33.20:960][  0]LogPakFile: Precache HighWater 32MB

[2022.05.28-08.33.20:960][  0]LogInit: Initializing FReadOnlyCVARCache
[2022.05.28-08.33.20:960][  0]LogAudioMixer: Display: Audio Mixer Platform Settings:
[2022.05.28-08.33.20:960][  0]LogAudioMixer: Display: 	Sample Rate:						  48000
[2022.05.28-08.33.20:960][  0]LogAudioMixer: Display: 	Callback Buffer Frame Size Requested: 1024
[2022.05.28-08.33.20:960][  0]LogAudioMixer: Display: 	Callback Buffer Frame Size To Use:	  1024
[2022.05.28-08.33.20:960][  0]LogAudioMixer: Display: 	Number of buffers to queue:			  2
[2022.05.28-08.33.20:960][  0]LogAudioMixer: Display: 	Max Channels (voices):				  32
[2022.05.28-08.33.20:960][  0]LogAudioMixer: Display: 	Number of Async Source Workers:		  0
[2022.05.28-08.33.20:960][  0]LogAudio: Display: AudioDevice MaxSources: 32
[2022.05.28-08.33.20:961][  0]LogAudio: Display: Using built-in audio occlusion.
[2022.05.28-08.33.20:961][  0]LogAudioMixer: Display: Initializing audio mixer.
[2022.05.28-08.33.20:971][  0]LogAudioDebug: Display: Lib vorbis DLL was dynamically loaded.
[2022.05.28-08.33.20:980][  0]LogAudioMixer: Display: 0: FrontLeft
[2022.05.28-08.33.20:980][  0]LogAudioMixer: Display: 1: FrontRight
[2022.05.28-08.33.21:007][  0]LogAudioMixer: Display: Using Audio Device Headset Earphone (Sennheiser Communication Audio)
[2022.05.28-08.33.21:007][  0]LogAudioMixer: Display: Initializing Sound Submixes...
[2022.05.28-08.33.21:008][  0]LogAudioMixer: Display: Creating Master Submix 'MasterSubmixDefault'
[2022.05.28-08.33.21:008][  0]LogAudioMixer: Display: Creating Master Submix 'MasterReverbSubmixDefault'
[2022.05.28-08.33.21:009][  0]LogAudioMixer: Display: Creating Master Submix 'MasterEQSubmixDefault'
[2022.05.28-08.33.21:009][  0]LogInit: FAudioDevice initialized.
[2022.05.28-08.33.21:010][  0]LogNetVersion: Set ProjectVersion to 1.0.0.0. Version Checksum will be recalculated on next use.
[2022.05.28-08.33.21:010][  0]LogInit: Texture streaming: Enabled
[2022.05.28-08.33.21:018][  0]LogSlate: Updating window title bar state: overlay mode, drag disabled, window buttons hidden, title bar hidden
[2022.05.28-08.33.21:018][  0]LogInit: Display: Game Engine Initialized.
[2022.05.28-08.33.21:019][  0]LogInit: Display: Starting Game.
[2022.05.28-08.33.21:019][  0]LogNet: Browse: /Game/Game/Maps/MainMenu?Name=Player
[2022.05.28-08.33.21:019][  0]LogLoad: LoadMap: /Game/Game/Maps/MainMenu?Name=Player
[2022.05.28-08.33.21:019][  0]LogWorld: BeginTearingDown for /Temp/Untitled_0
[2022.05.28-08.33.21:020][  0]LogWorld: UWorld::CleanupWorld for Untitled, bSessionEnded=true, bCleanupResources=true
[2022.05.28-08.33.21:020][  0]LogSlate: InvalidateAllWidgets triggered.  All widgets were invalidated
[2022.05.28-08.33.21:025][  0]LogUObjectHash: Compacting FUObjectHashTables data took   0.42ms
[2022.05.28-08.33.21:034][  0]LogAIModule: Creating AISystem for world MainMenu
[2022.05.28-08.33.21:034][  0]LogAISub: UAISubsystem::UAISubsystem EnvQueryManager (000001953685AE00), frame # 0
[2022.05.28-08.33.21:034][  0]LogAISub: UAISubsystem::UAISubsystem AIPerceptionSystem (000001950CFEDF80), frame # 0
[2022.05.28-08.33.21:034][  0]LogLoad: Game class is 'GameModeBase'
[2022.05.28-08.33.21:035][  0]LogWorld: Bringing World /Game/Game/Maps/MainMenu.MainMenu up for play (max tick rate 0) at 2022.05.28-01.33.21
[2022.05.28-08.33.21:035][  0]LogWorld: Bringing up level for play took: 0.000498
[2022.05.28-08.33.21:037][  0]LogUMG: Display: Widget Class WBP_Intro_C - Loaded Fast Template.
[2022.05.28-08.33.21:038][  0]LogLoad: Took 0.018786 seconds to LoadMap(/Game/Game/Maps/MainMenu)
[2022.05.28-08.33.21:038][  0]LogSlate: Took 0.000173 seconds to synchronously load lazily loaded font '../../../Engine/Content/EngineFonts/Faces/RobotoBold.ufont' (160K)
[2022.05.28-08.33.21:052][  0]LogSlate: Took 0.000200 seconds to synchronously load lazily loaded font '../../../Engine/Content/Slate/Fonts/Roboto-Regular.ttf' (155K)
[2022.05.28-08.33.21:060][  0]LogRenderer: Reallocating scene render targets to support 3440x1440 Format 10 NumSamples 1 (Frame:1).
[2022.05.28-08.33.21:060][  0]LogRHI: Display: ShaderPipelineCache: Paused Batching. 1
[2022.05.28-08.33.21:060][  0]LogRHI: Display: ShaderPipelineCache: Resumed Batching. 0
[2022.05.28-08.33.21:060][  0]LogRHI: Display: ShaderPipelineCache: Batching Resumed.
[2022.05.28-08.33.21:060][  0]LogLoad: (Engine Initialization) Total time: 0.84 seconds
[2022.05.28-08.33.21:078][  0]LogContentStreaming: Texture pool size now 1000 MB
[2022.05.28-08.33.21:080][  0]LogSlate: InvalidateAllWidgets triggered.  All widgets were invalidated
[2022.05.28-08.33.21:199][  0]LogSlate: Slate font cache was flushed
[2022.05.28-08.33.21:201][  1]LogSlate: Took 0.000140 seconds to synchronously load lazily loaded font '../../../Engine/Content/Slate/Fonts/Roboto-Regular.ttf' (155K)
[2022.05.28-08.33.21:202][  1]LogSlate: Took 0.000107 seconds to synchronously load lazily loaded font '../../../Engine/Content/EngineFonts/Faces/RobotoBold.ufont' (160K)
[2022.05.28-08.33.25:366][306]LogUMG: Display: Widget Class WBP_MainMenu_C - Loaded Fast Template.
[2022.05.28-08.33.25:367][306]LogUMG: Display: Widget Class WBP_ConfirmQuit_C - Loaded Fast Template.
[2022.05.28-08.33.26:654][723]LogSlate: WidgetSwitcher ('None') active index changed to 1
[2022.05.28-08.33.30:301][906]LogSlate: WidgetSwitcher ('None') active index changed to 0
[2022.05.28-08.33.33:696][985]LogNet: Browse: /Game/Game/Maps/GameMap
[2022.05.28-08.33.33:696][985]LogLoad: LoadMap: /Game/Game/Maps/GameMap
[2022.05.28-08.33.33:696][985]LogWorld: BeginTearingDown for /Game/Game/Maps/MainMenu
[2022.05.28-08.33.33:697][985]LogWorld: UWorld::CleanupWorld for MainMenu, bSessionEnded=true, bCleanupResources=true
[2022.05.28-08.33.33:697][985]LogSlate: InvalidateAllWidgets triggered.  All widgets were invalidated
[2022.05.28-08.33.33:731][985]LogAISub: UAISubsystem::~UAISubsystem EnvQueryManager (000001953685AE00), frame # 3985
[2022.05.28-08.33.33:731][985]LogAISub: UAISubsystem::~UAISubsystem AIPerceptionSystem (000001950CFEDF80), frame # 3985
[2022.05.28-08.33.33:731][985]LogUObjectHash: Compacting FUObjectHashTables data took   0.45ms
[2022.05.28-08.33.33:733][985]LogStreaming: Display: Flushing async loaders.
[2022.05.28-08.33.33:757][985]LogAIModule: Creating AISystem for world GameMap
[2022.05.28-08.33.33:757][985]LogAISub: UAISubsystem::UAISubsystem EnvQueryManager (000001953685B800), frame # 3985
[2022.05.28-08.33.33:757][985]LogAISub: UAISubsystem::UAISubsystem AIPerceptionSystem (000001950CFEE0C0), frame # 3985
[2022.05.28-08.33.33:757][985]LogLoad: Game class is 'BP_GameMode_C'
[2022.05.28-08.33.33:758][985]LogWorld: Bringing World /Game/Game/Maps/GameMap.GameMap up for play (max tick rate 0) at 2022.05.28-01.33.33
[2022.05.28-08.33.33:758][985]LogWorld: Bringing up level for play took: 0.000192
[2022.05.28-08.33.33:773][985]LogUMG: Display: Widget Class WBP_PlayerHUD_C - Loaded Fast Template.
[2022.05.28-08.33.33:773][985]LogUMG: Display: Widget Class WBP_Tutorial_C - Loaded Fast Template.
[2022.05.28-08.33.33:773][985]LogUMG: Display: Widget Class WBP_GameOver_C - Loaded Fast Template.
[2022.05.28-08.33.33:773][985]LogUMG: Display: Widget Class WBP_ConfirmQuit_C - Loaded Fast Template.
[2022.05.28-08.33.33:774][985]LogLoad: Took 0.078240 seconds to LoadMap(/Game/Game/Maps/GameMap)
[2022.05.28-08.34.32:896][192]LogWindowsDesktop: Alt-F4 pressed!
[2022.05.28-08.34.32:897][192]LogSlate: Request Window 'UndeadDelivery (64-bit Development PCD3D_SM5) ' being destroyed
[2022.05.28-08.34.32:905][192]LogSlate: Window 'UndeadDelivery (64-bit Development PCD3D_SM5) ' being destroyed
[2022.05.28-08.34.32:906][192]LogWindowsTextInputMethodSystem: Display: IME system now deactivated.
[2022.05.28-08.34.32:912][192]LogSlate: Updating window title bar state: overlay mode, drag disabled, window buttons hidden, title bar hidden
[2022.05.28-08.34.32:912][192]LogEngine: All Windows Closed
[2022.05.28-08.34.32:912][192]LogWindows: FPlatformMisc::RequestExit(0)
[2022.05.28-08.34.32:912][192]LogCore: Engine exit requested (reason: Win RequestExit)
[2022.05.28-08.34.32:912][193]LogCore: Engine exit requested (reason: EngineExit() was called; note: exit was already requested)
[2022.05.28-08.34.32:913][193]LogAudio: Display: Shutting down audio device while 2 references to it are still alive. For more information, compile with INSTRUMENT_AUDIODEVICE_HANDLES.
[2022.05.28-08.34.32:978][193]LogInit: Display: PreExit Game.
[2022.05.28-08.34.32:990][193]LogWorld: BeginTearingDown for /Game/Game/Maps/GameMap
[2022.05.28-08.34.32:990][193]LogWorld: UWorld::CleanupWorld for GameMap, bSessionEnded=true, bCleanupResources=true
[2022.05.28-08.34.32:991][193]LogSlate: InvalidateAllWidgets triggered.  All widgets were invalidated
[2022.05.28-08.34.33:960][193]LogExit: Preparing to exit.
[2022.05.28-08.34.33:960][193]LogMoviePlayer: Shutting down movie player
[2022.05.28-08.34.33:963][193]LogSlate: Updating window title bar state: overlay mode, drag disabled, window buttons hidden, title bar hidden
[2022.05.28-08.34.33:964][193]LogDemo: Cleaned up 0 splitscreen connections with owner deletion
[2022.05.28-08.34.33:965][193]LogExit: Game engine shut down
[2022.05.28-08.34.33:968][193]LogAISub: UAISubsystem::~UAISubsystem AISubsystem (0000019535FB7A00), frame # 18193
[2022.05.28-08.34.33:968][193]LogAISub: UAISubsystem::~UAISubsystem AIPerceptionSystem (00000195356EDA80), frame # 18193
[2022.05.28-08.34.33:968][193]LogAISub: UAISubsystem::~UAISubsystem EnvQueryManager (0000019536852800), frame # 18193
[2022.05.28-08.34.33:969][193]LogAISub: UAISubsystem::~UAISubsystem EnvQueryManager (000001953685B800), frame # 18193
[2022.05.28-08.34.33:969][193]LogAISub: UAISubsystem::~UAISubsystem AIPerceptionSystem (000001950CFEE0C0), frame # 18193
[2022.05.28-08.34.33:979][193]LogExit: Object subsystem successfully closed.
[2022.05.28-08.34.33:988][193]LogModuleManager: Shutting down and abandoning module AutomationController (306)
[2022.05.28-08.34.33:988][193]LogModuleManager: Shutting down and abandoning module AutomationWorker (304)
[2022.05.28-08.34.33:988][193]LogModuleManager: Shutting down and abandoning module Voice (302)
[2022.05.28-08.34.33:988][193]LogModuleManager: Shutting down and abandoning module AIModule (300)
[2022.05.28-08.34.33:988][193]LogModuleManager: Shutting down and abandoning module GameplayDebugger (299)
[2022.05.28-08.34.33:988][193]LogModuleManager: Shutting down and abandoning module NavigationSystem (297)
[2022.05.28-08.34.33:988][193]LogModuleManager: Shutting down and abandoning module WebMMediaFactory (294)
[2022.05.28-08.34.33:988][193]LogModuleManager: Shutting down and abandoning module WebMMedia (292)
[2022.05.28-08.34.33:988][193]LogModuleManager: Shutting down and abandoning module WmfMediaFactory (290)
[2022.05.28-08.34.33:988][193]LogModuleManager: Shutting down and abandoning module OpenExrWrapper (288)
[2022.05.28-08.34.33:988][193]LogModuleManager: Shutting down and abandoning module ImgMediaFactory (286)
[2022.05.28-08.34.33:988][193]LogModuleManager: Shutting down and abandoning module AvfMediaFactory (284)
[2022.05.28-08.34.33:988][193]LogModuleManager: Shutting down and abandoning module CharacterAI (282)
[2022.05.28-08.34.33:988][193]LogModuleManager: Shutting down and abandoning module PlanarCut (280)
[2022.05.28-08.34.33:988][193]LogModuleManager: Shutting down and abandoning module SessionServices (278)
[2022.05.28-08.34.33:988][193]LogModuleManager: Shutting down and abandoning module LiveCoding (276)
[2022.05.28-08.34.33:989][193]LogModuleManager: Shutting down and abandoning module LevelSequence (274)
[2022.05.28-08.34.33:989][193]LogModuleManager: Shutting down and abandoning module MovieSceneTracks (272)
[2022.05.28-08.34.33:989][193]LogModuleManager: Shutting down and abandoning module MovieScene (270)
[2022.05.28-08.34.33:989][193]LogModuleManager: Shutting down and abandoning module StreamingPauseRendering (268)
[2022.05.28-08.34.33:989][193]LogModuleManager: Shutting down and abandoning module AudioMixerXAudio2 (266)
[2022.05.28-08.34.33:989][193]LogModuleManager: Shutting down and abandoning module AudioMixerCore (265)
[2022.05.28-08.34.33:989][193]LogModuleManager: Shutting down and abandoning module ImageWriteQueue (262)
[2022.05.28-08.34.33:990][193]LogModuleManager: Shutting down and abandoning module ProfilerService (260)
[2022.05.28-08.34.34:044][193]LogModuleManager: Shutting down and abandoning module TaskGraph (258)
[2022.05.28-08.34.34:044][193]LogModuleManager: Shutting down and abandoning module Synthesis (256)
[2022.05.28-08.34.34:044][193]LogModuleManager: Shutting down and abandoning module MobilePatchingUtils (254)
[2022.05.28-08.34.34:044][193]LogModuleManager: Shutting down and abandoning module GooglePAD (252)
[2022.05.28-08.34.34:044][193]LogModuleManager: Shutting down and abandoning module CustomMeshComponent (250)
[2022.05.28-08.34.34:044][193]LogModuleManager: Shutting down and abandoning module CableComponent (248)
[2022.05.28-08.34.34:044][193]LogModuleManager: Shutting down and abandoning module AudioCapture (246)
[2022.05.28-08.34.34:044][193]LogModuleManager: Shutting down and abandoning module AudioCaptureRtAudio (245)
[2022.05.28-08.34.34:044][193]LogModuleManager: Shutting down and abandoning module AssetTags (242)
[2022.05.28-08.34.34:044][193]LogModuleManager: Shutting down and abandoning module ArchVisCharacter (240)
[2022.05.28-08.34.34:044][193]LogModuleManager: Shutting down and abandoning module AppleImageUtils (238)
[2022.05.28-08.34.34:044][193]LogModuleManager: Shutting down and abandoning module AndroidPermission (236)
[2022.05.28-08.34.34:044][193]LogModuleManager: Shutting down and abandoning module TemplateSequence (234)
[2022.05.28-08.34.34:044][193]LogModuleManager: Shutting down and abandoning module MediaCompositing (232)
[2022.05.28-08.34.34:044][193]LogModuleManager: Shutting down and abandoning module ImgMedia (230)
[2022.05.28-08.34.34:044][193]LogModuleManager: Shutting down and abandoning module MagicLeapLightEstimation (228)
[2022.05.28-08.34.34:045][193]LogModuleManager: Shutting down and abandoning module MagicLeapHelperVulkan (226)
[2022.05.28-08.34.34:045][193]LogModuleManager: Shutting down and abandoning module MagicLeapHelperOpenGL (224)
[2022.05.28-08.34.34:045][193]LogModuleManager: Shutting down and abandoning module MagicLeapAudio (222)
[2022.05.28-08.34.34:045][193]LogModuleManager: Shutting down and abandoning module MagicLeapSharedWorld (220)
[2022.05.28-08.34.34:045][193]LogModuleManager: Shutting down and abandoning module ChaosNiagara (218)
[2022.05.28-08.34.34:045][193]LogModuleManager: Shutting down and abandoning module ProceduralMeshComponent (216)
[2022.05.28-08.34.34:045][193]LogModuleManager: Shutting down and abandoning module GeometryCollectionTracks (214)
[2022.05.28-08.34.34:045][193]LogModuleManager: Shutting down and abandoning module EditableMesh (212)
[2022.05.28-08.34.34:045][193]LogModuleManager: Shutting down and abandoning module MeshSolverUtilities (210)
[2022.05.28-08.34.34:045][193]LogModuleManager: Shutting down and abandoning module MeshConversion (208)
[2022.05.28-08.34.34:045][193]LogModuleManager: Shutting down and abandoning module DynamicMesh (206)
[2022.05.28-08.34.34:045][193]LogModuleManager: Shutting down and abandoning module GeometryAlgorithms (204)
[2022.05.28-08.34.34:045][193]LogModuleManager: Shutting down and abandoning module GeometricObjects (202)
[2022.05.28-08.34.34:045][193]LogModuleManager: Shutting down and abandoning module ChaosCloth (200)
[2022.05.28-08.34.34:045][193]LogModuleManager: Shutting down and abandoning module BackChannel (198)
[2022.05.28-08.34.34:045][193]LogModuleManager: Shutting down and abandoning module AutomationUtils (196)
[2022.05.28-08.34.34:045][193]LogModuleManager: Shutting down and abandoning module GeometryCacheTracks (194)
[2022.05.28-08.34.34:045][193]LogModuleManager: Shutting down and abandoning module GeometryCache (192)
[2022.05.28-08.34.34:045][193]LogModuleManager: Shutting down and abandoning module UObjectPlugin (190)
[2022.05.28-08.34.34:045][193]LogModuleManager: Shutting down and abandoning module UndeadDelivery (188)
[2022.05.28-08.34.34:045][193]LogModuleManager: Shutting down and abandoning module SoundFields (186)
[2022.05.28-08.34.34:045][193]LogModuleManager: Shutting down and abandoning module RuntimePhysXCooking (184)
[2022.05.28-08.34.34:045][193]LogModuleManager: Shutting down and abandoning module LocationServicesBPLibrary (180)
[2022.05.28-08.34.34:045][193]LogModuleManager: Shutting down and abandoning module ActorSequence (178)
[2022.05.28-08.34.34:045][193]LogModuleManager: Shutting down and abandoning module UdpMessaging (176)
[2022.05.28-08.34.34:045][193]LogModuleManager: Shutting down and abandoning module TcpMessaging (174)
[2022.05.28-08.34.34:045][193]LogModuleManager: Shutting down and abandoning module MagicLeapHandMeshing (172)
[2022.05.28-08.34.34:045][193]LogModuleManager: Shutting down and abandoning module MagicLeapSecureStorage (170)
[2022.05.28-08.34.34:045][193]LogModuleManager: Shutting down and abandoning module MagicLeapPrivileges (168)
[2022.05.28-08.34.34:045][193]LogModuleManager: Shutting down and abandoning module MagicLeapPlanes (166)
[2022.05.28-08.34.34:045][193]LogModuleManager: Shutting down and abandoning module MagicLeapImageTracker (164)
[2022.05.28-08.34.34:045][193]LogModuleManager: Shutting down and abandoning module MagicLeapIdentity (162)
[2022.05.28-08.34.34:045][193]LogModuleManager: Shutting down and abandoning module MagicLeapHandTracking (160)
[2022.05.28-08.34.34:045][193]LogModuleManager: Shutting down and abandoning module MagicLeapEyeTracker (158)
[2022.05.28-08.34.34:045][193]LogModuleManager: Shutting down and abandoning module MagicLeapController (156)
[2022.05.28-08.34.34:045][193]LogSlate: Slate User Destroyed.  User Index 0, Is Virtual User: 0
[2022.05.28-08.34.34:045][193]LogModuleManager: Shutting down and abandoning module MagicLeapARPinImpl (154)
[2022.05.28-08.34.34:045][193]LogModuleManager: Shutting down and abandoning module MagicLeapAR (152)
[2022.05.28-08.34.34:045][193]LogModuleManager: Shutting down and abandoning module AugmentedReality (151)
[2022.05.28-08.34.34:045][193]LogModuleManager: Shutting down and abandoning module MagicLeapARPin (148)
[2022.05.28-08.34.34:045][193]LogModuleManager: Shutting down and abandoning module NiagaraAnimNotifies (146)
[2022.05.28-08.34.34:045][193]LogModuleManager: Shutting down and abandoning module Niagara (144)
[2022.05.28-08.34.34:045][193]LogModuleManager: Shutting down and abandoning module SignalProcessing (143)
[2022.05.28-08.34.34:045][193]LogModuleManager: Shutting down and abandoning module NiagaraCore (140)
[2022.05.28-08.34.34:045][193]LogModuleManager: Shutting down and abandoning module FacialAnimation (138)
[2022.05.28-08.34.34:045][193]LogModuleManager: Shutting down and abandoning module SignificanceManager (136)
[2022.05.28-08.34.34:045][193]LogModuleManager: Shutting down and abandoning module AnimationSharing (134)
[2022.05.28-08.34.34:045][193]LogModuleManager: Shutting down and abandoning module LightPropagationVolumeRuntime (132)
[2022.05.28-08.34.34:045][193]LogModuleManager: Shutting down and abandoning module Paper2D (130)
[2022.05.28-08.34.34:045][193]LogModuleManager: Shutting down and abandoning module WindowsMoviePlayer (128)
[2022.05.28-08.34.34:045][193]LogModuleManager: Shutting down and abandoning module WebMMoviePlayer (126)
[2022.05.28-08.34.34:045][193]LogModuleManager: Shutting down and abandoning module NetworkReplayStreaming (124)
[2022.05.28-08.34.34:045][193]LogModuleManager: Shutting down and abandoning module PacketHandler (122)
[2022.05.28-08.34.34:045][193]LogModuleManager: Shutting down and abandoning module ClothingSystemRuntimeNv (120)
[2022.05.28-08.34.34:045][193]LogModuleManager: Shutting down and abandoning module MediaAssets (118)
[2022.05.28-08.34.34:045][193]LogModuleManager: Shutting down and abandoning module Overlay (116)
[2022.05.28-08.34.34:045][193]LogModuleManager: Shutting down and abandoning module FunctionalTesting (114)
[2022.05.28-08.34.34:045][193]LogModuleManager: Shutting down and abandoning module MessageLog (112)
[2022.05.28-08.34.34:045][193]LogModuleManager: Shutting down and abandoning module UMG (110)
[2022.05.28-08.34.34:045][193]LogModuleManager: Shutting down and abandoning module SlateReflector (108)
[2022.05.28-08.34.34:045][193]LogModuleManager: Shutting down and abandoning module Slate (106)
[2022.05.28-08.34.34:045][193]LogModuleManager: Shutting down and abandoning module SlateCore (104)
[2022.05.28-08.34.34:045][193]LogModuleManager: Shutting down and abandoning module MRMesh (102)
[2022.05.28-08.34.34:045][193]LogModuleManager: Shutting down and abandoning module Messaging (100)
[2022.05.28-08.34.34:045][193]LogModuleManager: Shutting down and abandoning module HeadMountedDisplay (98)
[2022.05.28-08.34.34:045][193]LogModuleManager: Shutting down and abandoning module XAudio2 (96)
[2022.05.28-08.34.34:045][193]LogModuleManager: Shutting down and abandoning module Networking (94)
[2022.05.28-08.34.34:045][193]LogModuleManager: Shutting down and abandoning module Core (92)
[2022.05.28-08.34.34:045][193]LogModuleManager: Shutting down and abandoning module ImageWrapper (88)
[2022.05.28-08.34.34:045][193]LogModuleManager: Shutting down and abandoning module InputCore (86)
[2022.05.28-08.34.34:045][193]LogModuleManager: Shutting down and abandoning module Settings (84)
[2022.05.28-08.34.34:045][193]LogModuleManager: Shutting down and abandoning module PhysXCooking (82)
[2022.05.28-08.34.34:045][193]LogModuleManager: Shutting down and abandoning module ChaosSolvers (80)
[2022.05.28-08.34.34:045][193]LogModuleManager: Shutting down and abandoning module FieldSystemEngine (79)
[2022.05.28-08.34.34:046][193]LogModuleManager: Shutting down and abandoning module Chaos (76)
[2022.05.28-08.34.34:046][193]LogModuleManager: Shutting down and abandoning module WindowsPlatformFeatures (74)
[2022.05.28-08.34.34:046][193]LogModuleManager: Shutting down and abandoning module GameplayMediaEncoder (73)
[2022.05.28-08.34.34:046][193]LogModuleManager: Shutting down and abandoning module AVEncoder (72)
[2022.05.28-08.34.34:046][193]LogModuleManager: Shutting down and abandoning module ExampleDeviceProfileSelector (68)
[2022.05.28-08.34.34:046][193]LogModuleManager: Shutting down and abandoning module LauncherChunkInstaller (66)
[2022.05.28-08.34.34:046][193]LogModuleManager: Shutting down and abandoning module OnlineSubsystem (62)
[2022.05.28-08.34.34:046][193]LogModuleManager: Shutting down and abandoning module HTTP (57)
[2022.05.28-08.34.34:077][193]LogModuleManager: Shutting down and abandoning module SSL (56)
[2022.05.28-08.34.34:078][193]LogModuleManager: Shutting down and abandoning module WmfMedia (52)
[2022.05.28-08.34.34:078][193]LogModuleManager: Shutting down and abandoning module Media (51)
[2022.05.28-08.34.34:078][193]LogModuleManager: Shutting down and abandoning module MagicLeap (48)
[2022.05.28-08.34.34:078][193]LogModuleManager: Shutting down and abandoning module NiagaraVertexFactories (46)
[2022.05.28-08.34.34:078][193]LogModuleManager: Shutting down and abandoning module NiagaraShader (44)
[2022.05.28-08.34.34:078][193]LogModuleManager: Shutting down and abandoning module VariantManagerContent (42)
[2022.05.28-08.34.34:078][193]LogModuleManager: Shutting down and abandoning module DatasmithContent (40)
[2022.05.28-08.34.34:078][193]LogModuleManager: Shutting down and abandoning module AISupportModule (38)
[2022.05.28-08.34.34:078][193]LogModuleManager: Shutting down and abandoning module PlatformCryptoOpenSSL (36)
[2022.05.28-08.34.34:078][193]LogModuleManager: Shutting down and abandoning module PlatformCryptoTypes (34)
[2022.05.28-08.34.34:078][193]LogModuleManager: Shutting down and abandoning module PlatformCrypto (32)
[2022.05.28-08.34.34:078][193]LogModuleManager: Shutting down and abandoning module RenderCore (30)
[2022.05.28-08.34.34:078][193]LogModuleManager: Shutting down and abandoning module Landscape (28)
[2022.05.28-08.34.34:078][193]LogModuleManager: Shutting down and abandoning module SlateRHIRenderer (26)
[2022.05.28-08.34.34:079][193]LogModuleManager: Shutting down and abandoning module OpenGLDrv (24)
[2022.05.28-08.34.34:079][193]LogModuleManager: Shutting down and abandoning module D3D11RHI (22)
[2022.05.28-08.34.34:079][193]LogModuleManager: Shutting down and abandoning module AnimGraphRuntime (20)
[2022.05.28-08.34.34:079][193]LogModuleManager: Shutting down and abandoning module Renderer (18)
[2022.05.28-08.34.34:079][193]LogModuleManager: Shutting down and abandoning module Engine (16)
[2022.05.28-08.34.34:079][193]LogModuleManager: Shutting down and abandoning module CoreUObject (14)
[2022.05.28-08.34.34:079][193]LogModuleManager: Shutting down and abandoning module NetworkFile (12)
[2022.05.28-08.34.34:079][193]LogModuleManager: Shutting down and abandoning module CookedIterativeFile (10)
[2022.05.28-08.34.34:079][193]LogModuleManager: Shutting down and abandoning module StreamingFile (8)
[2022.05.28-08.34.34:079][193]LogModuleManager: Shutting down and abandoning module SandboxFile (6)
[2022.05.28-08.34.34:079][193]LogModuleManager: Shutting down and abandoning module PakFile (4)
[2022.05.28-08.34.34:080][193]LogModuleManager: Shutting down and abandoning module RSA (3)
[2022.05.28-08.34.34:080][193]LogContentStreaming: Display: There are 1 unreleased StreamingManagers
[2022.05.28-08.34.34:080][193]LogD3D11RHI: Shutdown
[2022.05.28-08.34.34:080][193]LogD3D11RHI: CleanupD3DDevice
[2022.05.28-08.34.34:086][193]LogExit: Exiting.
[2022.05.28-08.34.34:096][193]Log file closed, 05/28/22 01:34:34
